<?xml version="1.0" encoding="UTF-8"?>
<testsuite xmlns:xsi="http://www.w3.org/2001/XMLSchema-instance" xsi:noNamespaceSchemaLocation="https://maven.apache.org/surefire/maven-surefire-plugin/xsd/surefire-test-report.xsd" version="3.0.2" name="com.example.demo.MailTest" time="3.465" tests="1" errors="0" skipped="0" failures="0">
  <properties>
[...]
</properties>
  <testcase name="testSendTextMail" classname="com.example.demo.MailTest" time="2.009">
    <system-out><![CDATA[14:17:28.564 [main] INFO org.springframework.test.context.support.AnnotationConfigContextLoaderUtils -- Could not detect default configuration classes for test class [com.example.demo.MailTest]: MailTest does not declare any static, non-private, non-final, nested classes annotated with @Configuration.
14:17:28.607 [main] INFO org.springframework.boot.test.context.SpringBootTestContextBootstrapper -- Found @SpringBootConfiguration com.example.demo.DemoApplication for test class com.example.demo.MailTest

  .   ____          _            __ _ _
 /\\ / ___'_ __ _ _(_)_ __  __ _ \ \ \ \
( ( )\___ | '_ | '_| | '_ \/ _` | \ \ \ \
 \\/  ___)| |_)| | | | | || (_| |  ) ) ) )
  '  |____| .__|_| |_|_| |_\__, | / / / /
 =========|_|==============|___/=/_/_/_/

 :: Spring Boot ::                (v3.5.9)

2026-04-17T14:17:28.822+08:00  INFO 76891 --- [spring-boot-demo] [           main] com.example.demo.MailTest                : Starting MailTest using Java 17.0.17 with PID 76891 (started by kyire in /Users/develop/final_college/demo)
2026-04-17T14:17:28.822+08:00 DEBUG 76891 --- [spring-boot-demo] [           main] com.example.demo.MailTest                : Running with Spring Boot v3.5.9, Spring v6.2.15
2026-04-17T14:17:28.823+08:00  INFO 76891 --- [spring-boot-demo] [           main] com.example.demo.MailTest                : No active profile set, falling back to 1 default profile: "default"
2026-04-17T14:17:29.205+08:00  INFO 76891 --- [spring-boot-demo] [           main] .s.d.r.c.RepositoryConfigurationDelegate : Multiple Spring Data modules found, entering strict repository configuration mode
2026-04-17T14:17:29.206+08:00  INFO 76891 --- [spring-boot-demo] [           main] .s.d.r.c.RepositoryConfigurationDelegate : Bootstrapping Spring Data Redis repositories in DEFAULT mode.
2026-04-17T14:17:29.221+08:00  INFO 76891 --- [spring-boot-demo] [           main] .s.d.r.c.RepositoryConfigurationDelegate : Finished Spring Data repository scanning in 8 ms. Found 0 Redis repository interfaces.
2026-04-17T14:17:29.961+08:00  INFO 76891 --- [spring-boot-demo] [           main] com.example.demo.MailTest                : Started MailTest in 1.297 seconds (process running for 1.656)
2026-04-17T14:17:29.962+08:00  WARN 76891 --- [spring-boot-demo] [           main] o.s.core.events.SpringDocAppInitializer  : SpringDoc /v3/api-docs endpoint is enabled by default. To disable it in production, set the property 'springdoc.api-docs.enabled=false'
2026-04-17T14:17:29.963+08:00  WARN 76891 --- [spring-boot-demo] [           main] o.s.core.events.SpringDocAppInitializer  : SpringDoc /swagger-ui.html endpoint is enabled by default. To disable it in production, set the property 'springdoc.swagger-ui.enabled=false'
]]></system-out>
  </testcase>
</testsuite>